date: 2014-04-18 13:13:18.214
argv: node C:\Users\wangfangcao\AppData\Roaming\npm\node_modules\hexo\bin\hexo g
os: Windows_NT 6.1.7601 win32 x64
version:
  hexo: 2.5.2
  http_parser: 1.0
  node: 0.10.26
  v8: 3.14.5.9
  ares: 1.9.0-DEV
  uv: 0.10.25
  zlib: 1.2.3
  modules: 11
  openssl: 1.0.1e
---

[debug] 13:13:17.539 Config file loaded
[debug] 13:13:17.542 Version info checked successfully
[debug] 13:13:17.624 Plugin loaded successfully: hexo-generator-feed
[debug] 13:13:17.648 Plugin loaded successfully: hexo-generator-sitemap
[debug] 13:13:17.651 Script load successfully: fancybox.js
[debug] 13:13:17.709 Processed: CNAME
[debug] 13:13:18.084 Processed: LICENSE
[debug] 13:13:18.084 Processed: README.md
[debug] 13:13:18.084 Processed: scripts/fancybox.js
[debug] 13:13:18.087 Processed: source/css/_base/code.styl
[debug] 13:13:18.087 Processed: source/css/_base/font.styl
[debug] 13:13:18.087 Processed: source/css/_base/public.styl
[debug] 13:13:18.087 Processed: source/css/_base/variable.styl
[debug] 13:13:18.087 Processed: source/css/_partial/article.styl
[debug] 13:13:18.087 Processed: source/css/_partial/aside.styl
[debug] 13:13:18.087 Processed: source/css/_partial/duoshuo.styl
[debug] 13:13:18.087 Processed: source/css/_partial/footer.styl
[debug] 13:13:18.088 Processed: source/css/_partial/gallery.styl
[debug] 13:13:18.088 Processed: source/css/_partial/header.styl
[debug] 13:13:18.088 Processed: source/css/_partial/helper.styl
[debug] 13:13:18.088 Processed: source/css/_partial/index.styl
[debug] 13:13:18.104 Processed: source/font/FontAwesome.otf
[debug] 13:13:18.105 Processed: source/font/coveredbyyourgrace-webfont.eot
[debug] 13:13:18.105 Processed: source/font/coveredbyyourgrace-webfont.svg
[debug] 13:13:18.105 Processed: source/font/coveredbyyourgrace-webfont.ttf
[debug] 13:13:18.105 Processed: source/font/coveredbyyourgrace-webfont.woff
[debug] 13:13:18.106 Processed: source/font/fontawesome-webfont.eot
[debug] 13:13:18.106 Processed: source/font/fontawesome-webfont.svg
[debug] 13:13:18.106 Processed: source/font/fontawesome-webfont.ttf
[debug] 13:13:18.107 Processed: source/font/fontawesome-webfont.woff
[debug] 13:13:18.107 Processed: source/img/author.jpg
[debug] 13:13:18.108 Processed: source/img/author.psd
[debug] 13:13:18.108 Processed: source/img/favicon.ico
[debug] 13:13:18.108 Processed: source/img/logo - 副本.svg
[debug] 13:13:18.109 Processed: source/img/logo.psd
[debug] 13:13:18.109 Processed: source/img/logo.svg
[debug] 13:13:18.110 Processed: source/img/pacman.jpg
[debug] 13:13:18.110 Processed: source/img/pacman.psd
[debug] 13:13:18.111 Processed: source/js/jquery-2.1.0.min.js
[debug] 13:13:18.111 Processed: source/css/style.styl
[debug] 13:13:18.112 Processed: source/fancybox/blank.gif
[debug] 13:13:18.112 Processed: source/fancybox/fancybox_loading.gif
[debug] 13:13:18.113 Processed: source/fancybox/fancybox_loading@2x.gif
[debug] 13:13:18.114 Processed: source/fancybox/fancybox_overlay.png
[debug] 13:13:18.115 Processed: source/fancybox/fancybox_sprite.png
[debug] 13:13:18.116 Processed: source/fancybox/fancybox_sprite@2x.png
[debug] 13:13:18.117 Processed: source/fancybox/jquery.fancybox.css
[debug] 13:13:18.118 Processed: source/fancybox/jquery.fancybox.js
[debug] 13:13:18.118 Processed: source/fancybox/jquery.fancybox.pack.js
[debug] 13:13:18.119 Processed: source/fancybox/helpers/fancybox_buttons.png
[debug] 13:13:18.121 Processed: source/fancybox/helpers/jquery.fancybox-buttons.css
[debug] 13:13:18.122 Processed: source/fancybox/helpers/jquery.fancybox-buttons.js
[debug] 13:13:18.122 Processed: source/fancybox/helpers/jquery.fancybox-media.js
[debug] 13:13:18.123 Processed: source/fancybox/helpers/jquery.fancybox-thumbs.css
[debug] 13:13:18.123 Processed: source/fancybox/helpers/jquery.fancybox-thumbs.js
[debug] 13:13:18.196 Processed: _posts/gongsi.md
[error] 13:13:18.204 { rawMessage: 'You cannot define a sequence item when in a mapping',
  parsedLine: 23,
  snippet: '- category',
  parsedFile: null,
  message: 'Process failed: _config.yml',
  name: 'HexoError',
  stack: undefined }
[debug] 13:13:18.209 Processed: languages/default.yml
[debug] 13:13:18.210 Processed: languages/zh-CN.yml
[debug] 13:13:18.212 Processed: languages/zh-TW.yml